<?xml version="1.0" encoding="UTF-8"?>
<!-- Generated by org.testng.reporters.JUnitReportReporter -->
<testsuite skipped="0" hostname="LAPTOP-6UDJM8H5" name="Testcase.amazonchoice" tests="1" failures="0" timestamp="2020-08-31T21:06:03 IST" time="92.027" errors="0">
  <testcase name="openamazon" time="92.027" classname="Testcase.amazonchoice"/>
  <system-out/>
</testsuite> <!-- Testcase.amazonchoice -->
